mode: set
github.com/watercompany/skywire-services/autoupdater/config/custom_lock.go:10.35,12.2 1 0
github.com/watercompany/skywire-services/autoupdater/config/custom_lock.go:14.29,18.2 3 0
github.com/watercompany/skywire-services/autoupdater/config/custom_lock.go:19.31,23.2 3 0
github.com/watercompany/skywire-services/autoupdater/store/services/services.go:18.31,19.15 1 0
github.com/watercompany/skywire-services/autoupdater/store/services/services.go:20.14,22.43 2 0
github.com/watercompany/skywire-services/autoupdater/store/services/services.go:26.24,28.2 1 0
github.com/watercompany/skywire-services/autoupdater/store/services/services.go:33.45,34.27 1 0
github.com/watercompany/skywire-services/autoupdater/store/services/services.go:42.2,42.16 1 0
github.com/watercompany/skywire-services/autoupdater/store/services/services.go:34.27,41.3 3 0
github.com/watercompany/skywire-services/autoupdater/store/services/services.go:45.41,47.2 1 0
github.com/watercompany/skywire-services/autoupdater/store/services/services.go:54.49,62.2 1 0
github.com/watercompany/skywire-services/autoupdater/store/services/services.go:69.41,73.2 1 0
github.com/watercompany/skywire-services/autoupdater/store/services/services.go:75.50,80.16 3 0
github.com/watercompany/skywire-services/autoupdater/store/services/services.go:84.2,85.12 2 0
github.com/watercompany/skywire-services/autoupdater/store/services/services.go:80.16,82.3 1 0
github.com/watercompany/skywire-services/autoupdater/store/services/services.go:88.50,90.2 1 0
github.com/watercompany/skywire-services/autoupdater/pkg/active/git.go:34.116,50.2 4 0
github.com/watercompany/skywire-services/autoupdater/pkg/active/git.go:52.59,55.17 2 0
github.com/watercompany/skywire-services/autoupdater/pkg/active/git.go:55.17,57.3 1 0
github.com/watercompany/skywire-services/autoupdater/pkg/active/git.go:60.44,64.21 3 0
github.com/watercompany/skywire-services/autoupdater/pkg/active/git.go:67.2,67.17 1 0
github.com/watercompany/skywire-services/autoupdater/pkg/active/git.go:64.21,66.3 1 0
github.com/watercompany/skywire-services/autoupdater/pkg/active/git.go:70.23,72.12 2 0
github.com/watercompany/skywire-services/autoupdater/pkg/active/git.go:82.2,82.10 1 0
github.com/watercompany/skywire-services/autoupdater/pkg/active/git.go:72.12,73.7 1 0
github.com/watercompany/skywire-services/autoupdater/pkg/active/git.go:73.7,74.11 1 0
github.com/watercompany/skywire-services/autoupdater/pkg/active/git.go:75.27,78.22 2 0
github.com/watercompany/skywire-services/autoupdater/pkg/active/git.go:85.22,88.2 2 0
github.com/watercompany/skywire-services/autoupdater/pkg/active/git.go:97.28,98.16 1 0
github.com/watercompany/skywire-services/autoupdater/pkg/active/git.go:101.2,107.34 5 0
github.com/watercompany/skywire-services/autoupdater/pkg/active/git.go:98.16,100.3 1 0
github.com/watercompany/skywire-services/autoupdater/pkg/active/git.go:107.34,111.17 3 0
github.com/watercompany/skywire-services/autoupdater/pkg/active/git.go:111.17,113.4 1 0
github.com/watercompany/skywire-services/autoupdater/pkg/active/git.go:113.9,115.4 1 0
github.com/watercompany/skywire-services/autoupdater/pkg/active/git.go:116.8,118.3 1 0
github.com/watercompany/skywire-services/autoupdater/pkg/active/git.go:121.49,123.16 2 0
github.com/watercompany/skywire-services/autoupdater/pkg/active/git.go:126.2,129.16 4 0
github.com/watercompany/skywire-services/autoupdater/pkg/active/git.go:132.2,132.31 1 0
github.com/watercompany/skywire-services/autoupdater/pkg/active/git.go:137.2,137.16 1 0
github.com/watercompany/skywire-services/autoupdater/pkg/active/git.go:123.16,125.3 1 0
github.com/watercompany/skywire-services/autoupdater/pkg/active/git.go:129.16,131.3 1 0
github.com/watercompany/skywire-services/autoupdater/pkg/active/git.go:132.31,135.3 1 0
github.com/watercompany/skywire-services/autoupdater/pkg/active/git.go:140.77,142.16 2 0
github.com/watercompany/skywire-services/autoupdater/pkg/active/git.go:145.2,145.22 1 0
github.com/watercompany/skywire-services/autoupdater/pkg/active/git.go:142.16,144.3 1 0
github.com/watercompany/skywire-services/autoupdater/pkg/active/git.go:148.53,149.33 1 0
github.com/watercompany/skywire-services/autoupdater/pkg/active/git.go:165.2,165.12 1 0
github.com/watercompany/skywire-services/autoupdater/pkg/active/git.go:149.33,151.17 2 0
github.com/watercompany/skywire-services/autoupdater/pkg/active/git.go:163.3,163.26 1 0
github.com/watercompany/skywire-services/autoupdater/pkg/active/git.go:151.17,154.28 2 0
github.com/watercompany/skywire-services/autoupdater/pkg/active/git.go:154.28,156.5 1 0
github.com/watercompany/skywire-services/autoupdater/pkg/active/git.go:156.10,158.5 1 0
github.com/watercompany/skywire-services/autoupdater/pkg/active/git.go:159.9,160.9 1 0
github.com/watercompany/skywire-services/autoupdater/pkg/active/git.go:168.57,175.2 3 0
github.com/watercompany/skywire-services/autoupdater/pkg/passive/subscriber/client.go:17.98,19.30 2 0
github.com/watercompany/skywire-services/autoupdater/pkg/passive/subscriber/client.go:24.2,24.45 1 0
github.com/watercompany/skywire-services/autoupdater/pkg/passive/subscriber/client.go:20.14,21.47 1 0
github.com/watercompany/skywire-services/autoupdater/pkg/updater/swarm.go:17.78,20.16 3 0
github.com/watercompany/skywire-services/autoupdater/pkg/updater/swarm.go:24.2,24.40 1 0
github.com/watercompany/skywire-services/autoupdater/pkg/updater/swarm.go:20.16,22.3 1 0
github.com/watercompany/skywire-services/autoupdater/pkg/updater/swarm.go:27.94,31.2 3 0
github.com/watercompany/skywire-services/autoupdater/pkg/updater/swarm.go:33.101,36.16 3 0
github.com/watercompany/skywire-services/autoupdater/pkg/updater/swarm.go:40.2,40.66 1 0
github.com/watercompany/skywire-services/autoupdater/pkg/updater/swarm.go:54.2,54.14 1 0
github.com/watercompany/skywire-services/autoupdater/pkg/updater/swarm.go:36.16,38.3 1 0
github.com/watercompany/skywire-services/autoupdater/pkg/updater/swarm.go:40.66,49.17 5 0
github.com/watercompany/skywire-services/autoupdater/pkg/updater/swarm.go:49.17,51.4 1 0
github.com/watercompany/skywire-services/autoupdater/config/config.go:49.37,53.16 3 0
github.com/watercompany/skywire-services/autoupdater/config/config.go:57.2,64.16 3 0
github.com/watercompany/skywire-services/autoupdater/config/config.go:68.2,68.13 1 0
github.com/watercompany/skywire-services/autoupdater/config/config.go:53.16,54.13 1 0
github.com/watercompany/skywire-services/autoupdater/config/config.go:64.16,65.13 1 0
github.com/watercompany/skywire-services/autoupdater/config/config.go:71.43,72.16 1 0
github.com/watercompany/skywire-services/autoupdater/config/config.go:79.2,79.13 1 0
github.com/watercompany/skywire-services/autoupdater/config/config.go:72.16,78.3 3 0
github.com/watercompany/skywire-services/autoupdater/pkg/active/dockerhub.go:59.121,60.25 1 0
github.com/watercompany/skywire-services/autoupdater/pkg/active/dockerhub.go:64.2,79.3 3 0
github.com/watercompany/skywire-services/autoupdater/pkg/active/dockerhub.go:60.25,63.3 2 0
github.com/watercompany/skywire-services/autoupdater/pkg/active/dockerhub.go:82.65,84.2 1 0
github.com/watercompany/skywire-services/autoupdater/pkg/active/dockerhub.go:86.50,90.21 3 0
github.com/watercompany/skywire-services/autoupdater/pkg/active/dockerhub.go:93.2,93.17 1 0
github.com/watercompany/skywire-services/autoupdater/pkg/active/dockerhub.go:90.21,92.3 1 0
github.com/watercompany/skywire-services/autoupdater/pkg/active/dockerhub.go:96.29,99.12 3 0
github.com/watercompany/skywire-services/autoupdater/pkg/active/dockerhub.go:107.2,107.10 1 0
github.com/watercompany/skywire-services/autoupdater/pkg/active/dockerhub.go:99.12,100.7 1 0
github.com/watercompany/skywire-services/autoupdater/pkg/active/dockerhub.go:100.7,101.11 1 0
github.com/watercompany/skywire-services/autoupdater/pkg/active/dockerhub.go:102.27,103.21 1 0
github.com/watercompany/skywire-services/autoupdater/pkg/active/dockerhub.go:110.28,113.2 2 0
github.com/watercompany/skywire-services/autoupdater/pkg/active/dockerhub.go:115.46,116.16 1 0
github.com/watercompany/skywire-services/autoupdater/pkg/active/dockerhub.go:119.2,125.16 5 0
github.com/watercompany/skywire-services/autoupdater/pkg/active/dockerhub.go:116.16,118.3 1 0
github.com/watercompany/skywire-services/autoupdater/pkg/active/dockerhub.go:125.16,127.47 2 0
github.com/watercompany/skywire-services/autoupdater/pkg/active/dockerhub.go:127.47,130.4 2 0
github.com/watercompany/skywire-services/autoupdater/pkg/active/dockerhub.go:135.32,140.16 4 0
github.com/watercompany/skywire-services/autoupdater/pkg/active/dockerhub.go:143.2,146.16 3 0
github.com/watercompany/skywire-services/autoupdater/pkg/active/dockerhub.go:149.2,152.16 3 0
github.com/watercompany/skywire-services/autoupdater/pkg/active/dockerhub.go:156.2,157.16 2 0
github.com/watercompany/skywire-services/autoupdater/pkg/active/dockerhub.go:161.2,161.46 1 0
github.com/watercompany/skywire-services/autoupdater/pkg/active/dockerhub.go:140.16,142.3 1 0
github.com/watercompany/skywire-services/autoupdater/pkg/active/dockerhub.go:146.16,148.3 1 0
github.com/watercompany/skywire-services/autoupdater/pkg/active/dockerhub.go:152.16,154.3 1 0
github.com/watercompany/skywire-services/autoupdater/pkg/active/dockerhub.go:157.16,159.3 1 0
github.com/watercompany/skywire-services/autoupdater/pkg/active/dockerhub.go:165.41,170.16 4 0
github.com/watercompany/skywire-services/autoupdater/pkg/active/dockerhub.go:173.2,173.33 1 0
github.com/watercompany/skywire-services/autoupdater/pkg/active/dockerhub.go:176.2,176.44 1 0
github.com/watercompany/skywire-services/autoupdater/pkg/active/dockerhub.go:187.2,187.12 1 0
github.com/watercompany/skywire-services/autoupdater/pkg/active/dockerhub.go:170.16,172.3 1 0
github.com/watercompany/skywire-services/autoupdater/pkg/active/dockerhub.go:173.33,175.3 1 0
github.com/watercompany/skywire-services/autoupdater/pkg/active/dockerhub.go:176.44,179.17 3 0
github.com/watercompany/skywire-services/autoupdater/pkg/active/dockerhub.go:182.3,182.40 1 0
github.com/watercompany/skywire-services/autoupdater/pkg/active/dockerhub.go:179.17,181.4 1 0
github.com/watercompany/skywire-services/autoupdater/pkg/active/dockerhub.go:183.8,185.3 1 0
github.com/watercompany/skywire-services/autoupdater/pkg/active/dockerhub.go:196.79,202.72 3 0
github.com/watercompany/skywire-services/autoupdater/pkg/active/dockerhub.go:208.2,209.16 2 0
github.com/watercompany/skywire-services/autoupdater/pkg/active/dockerhub.go:213.2,216.23 3 0
github.com/watercompany/skywire-services/autoupdater/pkg/active/dockerhub.go:220.2,220.22 1 0
github.com/watercompany/skywire-services/autoupdater/pkg/active/dockerhub.go:202.72,204.5 1 0
github.com/watercompany/skywire-services/autoupdater/pkg/active/dockerhub.go:209.16,211.3 1 0
github.com/watercompany/skywire-services/autoupdater/pkg/active/dockerhub.go:216.23,218.3 1 0
github.com/watercompany/skywire-services/autoupdater/pkg/active/dockerhub.go:223.105,225.16 2 0
github.com/watercompany/skywire-services/autoupdater/pkg/active/dockerhub.go:229.2,233.16 4 0
github.com/watercompany/skywire-services/autoupdater/pkg/active/dockerhub.go:236.2,240.16 4 0
github.com/watercompany/skywire-services/autoupdater/pkg/active/dockerhub.go:245.2,245.21 1 0
github.com/watercompany/skywire-services/autoupdater/pkg/active/dockerhub.go:225.16,227.3 1 0
github.com/watercompany/skywire-services/autoupdater/pkg/active/dockerhub.go:233.16,235.3 1 0
github.com/watercompany/skywire-services/autoupdater/pkg/active/dockerhub.go:240.16,243.3 2 0
github.com/watercompany/skywire-services/autoupdater/pkg/active/fetcher.go:17.104,22.35 4 0
github.com/watercompany/skywire-services/autoupdater/pkg/active/fetcher.go:27.2,28.16 2 0
github.com/watercompany/skywire-services/autoupdater/pkg/active/fetcher.go:32.2,32.34 1 0
github.com/watercompany/skywire-services/autoupdater/pkg/active/fetcher.go:43.2,44.38 1 0
github.com/watercompany/skywire-services/autoupdater/pkg/active/fetcher.go:22.35,25.3 2 0
github.com/watercompany/skywire-services/autoupdater/pkg/active/fetcher.go:28.16,30.3 1 0
github.com/watercompany/skywire-services/autoupdater/pkg/active/fetcher.go:33.13,35.19 1 0
github.com/watercompany/skywire-services/autoupdater/pkg/active/fetcher.go:36.15,38.19 1 0
github.com/watercompany/skywire-services/autoupdater/pkg/active/fetcher.go:39.19,41.40 1 0
github.com/watercompany/skywire-services/autoupdater/pkg/starter/starter.go:21.45,34.2 5 0
github.com/watercompany/skywire-services/autoupdater/pkg/starter/starter.go:36.27,37.43 1 0
github.com/watercompany/skywire-services/autoupdater/pkg/starter/starter.go:41.2,41.44 1 0
github.com/watercompany/skywire-services/autoupdater/pkg/starter/starter.go:37.43,39.3 1 0
github.com/watercompany/skywire-services/autoupdater/pkg/starter/starter.go:41.44,43.3 1 0
github.com/watercompany/skywire-services/autoupdater/pkg/starter/starter.go:46.26,47.43 1 0
github.com/watercompany/skywire-services/autoupdater/pkg/starter/starter.go:51.2,51.44 1 0
github.com/watercompany/skywire-services/autoupdater/pkg/starter/starter.go:47.43,49.3 1 0
github.com/watercompany/skywire-services/autoupdater/pkg/starter/starter.go:51.44,53.3 1 0
github.com/watercompany/skywire-services/autoupdater/pkg/starter/starter.go:56.61,57.36 1 0
github.com/watercompany/skywire-services/autoupdater/pkg/starter/starter.go:57.36,60.3 2 0
github.com/watercompany/skywire-services/autoupdater/pkg/starter/starter.go:63.61,64.36 1 0
github.com/watercompany/skywire-services/autoupdater/pkg/starter/starter.go:64.36,65.34 1 0
github.com/watercompany/skywire-services/autoupdater/pkg/starter/starter.go:65.34,67.11 2 0
github.com/watercompany/skywire-services/autoupdater/pkg/starter/starter.go:73.4,74.18 2 0
github.com/watercompany/skywire-services/autoupdater/pkg/starter/starter.go:78.4,82.36 4 0
github.com/watercompany/skywire-services/autoupdater/pkg/starter/starter.go:67.11,70.13 2 0
github.com/watercompany/skywire-services/autoupdater/pkg/starter/starter.go:74.18,77.5 1 0
github.com/watercompany/skywire-services/autoupdater/pkg/starter/starter.go:83.9,85.11 2 0
github.com/watercompany/skywire-services/autoupdater/pkg/starter/starter.go:90.4,94.38 4 0
github.com/watercompany/skywire-services/autoupdater/pkg/starter/starter.go:85.11,88.13 2 0
github.com/watercompany/skywire-services/autoupdater/store/services/json.go:17.43,22.15 4 0
github.com/watercompany/skywire-services/autoupdater/store/services/json.go:26.2,27.15 2 0
github.com/watercompany/skywire-services/autoupdater/store/services/json.go:31.2,34.3 1 0
github.com/watercompany/skywire-services/autoupdater/store/services/json.go:22.15,24.3 1 0
github.com/watercompany/skywire-services/autoupdater/store/services/json.go:27.15,29.3 1 0
github.com/watercompany/skywire-services/autoupdater/store/services/json.go:37.49,39.2 1 0
github.com/watercompany/skywire-services/autoupdater/store/services/json.go:41.45,45.16 4 0
github.com/watercompany/skywire-services/autoupdater/store/services/json.go:49.2,50.16 2 0
github.com/watercompany/skywire-services/autoupdater/store/services/json.go:45.16,47.3 1 0
github.com/watercompany/skywire-services/autoupdater/store/services/json.go:50.16,52.3 1 0
github.com/watercompany/skywire-services/autoupdater/store/services/json.go:55.39,57.48 2 0
github.com/watercompany/skywire-services/autoupdater/store/services/json.go:57.48,59.3 1 0
github.com/watercompany/skywire-services/autoupdater/store/services/json.go:62.48,65.25 2 0
github.com/watercompany/skywire-services/autoupdater/store/services/json.go:69.2,70.15 2 0
github.com/watercompany/skywire-services/autoupdater/store/services/json.go:74.2,74.17 1 0
github.com/watercompany/skywire-services/autoupdater/store/services/json.go:65.25,67.3 1 0
github.com/watercompany/skywire-services/autoupdater/store/services/json.go:70.15,72.3 1 0
github.com/watercompany/skywire-services/autoupdater/pkg/passive/subscriber/nats.go:22.71,24.16 2 0
github.com/watercompany/skywire-services/autoupdater/pkg/passive/subscriber/nats.go:27.2,33.3 1 0
github.com/watercompany/skywire-services/autoupdater/pkg/passive/subscriber/nats.go:24.16,26.3 1 0
github.com/watercompany/skywire-services/autoupdater/pkg/passive/subscriber/nats.go:36.40,40.2 3 0
github.com/watercompany/skywire-services/autoupdater/pkg/passive/subscriber/nats.go:42.24,47.2 4 0
github.com/watercompany/skywire-services/autoupdater/pkg/passive/subscriber/nats.go:49.23,51.2 1 0
github.com/watercompany/skywire-services/autoupdater/pkg/passive/subscriber/nats.go:53.42,56.16 3 0
github.com/watercompany/skywire-services/autoupdater/pkg/passive/subscriber/nats.go:56.16,58.3 1 0
github.com/watercompany/skywire-services/autoupdater/pkg/updater/custom.go:32.73,34.38 2 1
github.com/watercompany/skywire-services/autoupdater/pkg/updater/custom.go:53.2,55.3 1 1
github.com/watercompany/skywire-services/autoupdater/pkg/updater/custom.go:34.38,36.17 2 1
github.com/watercompany/skywire-services/autoupdater/pkg/updater/custom.go:42.3,50.4 1 1
github.com/watercompany/skywire-services/autoupdater/pkg/updater/custom.go:36.17,40.4 2 0
github.com/watercompany/skywire-services/autoupdater/pkg/updater/custom.go:58.81,72.2 8 1
github.com/watercompany/skywire-services/autoupdater/pkg/updater/custom.go:74.117,80.2 5 1
github.com/watercompany/skywire-services/autoupdater/pkg/updater/custom.go:82.73,89.2 2 1
github.com/watercompany/skywire-services/autoupdater/pkg/updater/custom.go:91.77,94.21 2 1
github.com/watercompany/skywire-services/autoupdater/pkg/updater/custom.go:94.21,98.42 3 0
github.com/watercompany/skywire-services/autoupdater/pkg/updater/custom.go:98.42,99.58 1 0
github.com/watercompany/skywire-services/autoupdater/pkg/updater/custom.go:102.4,102.38 1 0
github.com/watercompany/skywire-services/autoupdater/pkg/updater/custom.go:99.58,101.5 1 0
github.com/watercompany/skywire-services/autoupdater/pkg/updater/custom.go:108.85,112.2 3 1
github.com/watercompany/skywire-services/autoupdater/pkg/updater/custom.go:114.86,117.27 3 1
github.com/watercompany/skywire-services/autoupdater/pkg/updater/custom.go:120.2,120.14 1 1
github.com/watercompany/skywire-services/autoupdater/pkg/updater/custom.go:117.27,119.3 1 1
github.com/watercompany/skywire-services/autoupdater/pkg/logger/logger.go:9.37,15.2 2 1
github.com/watercompany/skywire-services/autoupdater/pkg/active/naive.go:30.119,40.2 1 0
github.com/watercompany/skywire-services/autoupdater/pkg/active/naive.go:42.46,46.21 3 0
github.com/watercompany/skywire-services/autoupdater/pkg/active/naive.go:49.2,49.17 1 0
github.com/watercompany/skywire-services/autoupdater/pkg/active/naive.go:46.21,48.3 1 0
github.com/watercompany/skywire-services/autoupdater/pkg/active/naive.go:53.25,55.12 2 0
github.com/watercompany/skywire-services/autoupdater/pkg/active/naive.go:65.2,65.10 1 0
github.com/watercompany/skywire-services/autoupdater/pkg/active/naive.go:55.12,56.7 1 0
github.com/watercompany/skywire-services/autoupdater/pkg/active/naive.go:56.7,57.11 1 0
github.com/watercompany/skywire-services/autoupdater/pkg/active/naive.go:58.27,61.22 2 0
github.com/watercompany/skywire-services/autoupdater/pkg/active/naive.go:68.24,71.2 2 0
github.com/watercompany/skywire-services/autoupdater/pkg/active/naive.go:73.30,74.16 1 0
github.com/watercompany/skywire-services/autoupdater/pkg/active/naive.go:77.2,83.17 5 0
github.com/watercompany/skywire-services/autoupdater/pkg/active/naive.go:74.16,76.3 1 0
github.com/watercompany/skywire-services/autoupdater/pkg/active/naive.go:83.17,85.4 1 0
github.com/watercompany/skywire-services/autoupdater/pkg/active/naive.go:88.35,89.33 1 0
github.com/watercompany/skywire-services/autoupdater/pkg/active/naive.go:105.2,105.12 1 0
github.com/watercompany/skywire-services/autoupdater/pkg/active/naive.go:89.33,91.17 2 0
github.com/watercompany/skywire-services/autoupdater/pkg/active/naive.go:103.3,103.26 1 0
github.com/watercompany/skywire-services/autoupdater/pkg/active/naive.go:91.17,94.28 2 0
github.com/watercompany/skywire-services/autoupdater/pkg/active/naive.go:94.28,96.5 1 0
github.com/watercompany/skywire-services/autoupdater/pkg/active/naive.go:96.10,98.5 1 0
github.com/watercompany/skywire-services/autoupdater/pkg/active/naive.go:99.9,100.9 1 0
github.com/watercompany/skywire-services/autoupdater/pkg/updater/updater.go:16.58,21.20 3 1
github.com/watercompany/skywire-services/autoupdater/pkg/updater/updater.go:28.2,28.39 1 0
github.com/watercompany/skywire-services/autoupdater/pkg/updater/updater.go:22.15,23.40 1 0
github.com/watercompany/skywire-services/autoupdater/pkg/updater/updater.go:24.16,25.41 1 1
github.com/watercompany/skywire-services/autoupdater/pkg/updater/swarm.go:17.78,20.16 3 0
github.com/watercompany/skywire-services/autoupdater/pkg/updater/swarm.go:24.2,24.40 1 0
github.com/watercompany/skywire-services/autoupdater/pkg/updater/swarm.go:20.16,22.3 1 0
github.com/watercompany/skywire-services/autoupdater/pkg/updater/swarm.go:27.94,31.2 3 0
github.com/watercompany/skywire-services/autoupdater/pkg/updater/swarm.go:33.101,36.16 3 0
github.com/watercompany/skywire-services/autoupdater/pkg/updater/swarm.go:40.2,40.66 1 0
github.com/watercompany/skywire-services/autoupdater/pkg/updater/swarm.go:54.2,54.14 1 0
github.com/watercompany/skywire-services/autoupdater/pkg/updater/swarm.go:36.16,38.3 1 0
github.com/watercompany/skywire-services/autoupdater/pkg/updater/swarm.go:40.66,49.17 5 0
github.com/watercompany/skywire-services/autoupdater/pkg/updater/swarm.go:49.17,51.4 1 0
github.com/watercompany/skywire-services/autoupdater/store/services/services.go:18.31,19.15 1 0
github.com/watercompany/skywire-services/autoupdater/store/services/services.go:20.14,22.43 2 0
github.com/watercompany/skywire-services/autoupdater/store/services/services.go:26.24,28.2 1 0
github.com/watercompany/skywire-services/autoupdater/store/services/services.go:33.45,34.27 1 0
github.com/watercompany/skywire-services/autoupdater/store/services/services.go:42.2,42.16 1 0
github.com/watercompany/skywire-services/autoupdater/store/services/services.go:34.27,41.3 3 0
github.com/watercompany/skywire-services/autoupdater/store/services/services.go:45.41,47.2 1 0
github.com/watercompany/skywire-services/autoupdater/store/services/services.go:54.49,62.2 1 0
github.com/watercompany/skywire-services/autoupdater/store/services/services.go:69.41,73.2 1 0
github.com/watercompany/skywire-services/autoupdater/store/services/services.go:75.50,80.16 3 0
github.com/watercompany/skywire-services/autoupdater/store/services/services.go:84.2,85.12 2 0
github.com/watercompany/skywire-services/autoupdater/store/services/services.go:80.16,82.3 1 0
github.com/watercompany/skywire-services/autoupdater/store/services/services.go:88.50,90.2 1 0
github.com/watercompany/skywire-services/autoupdater/pkg/passive/subscriber/client.go:17.98,19.30 2 0
github.com/watercompany/skywire-services/autoupdater/pkg/passive/subscriber/client.go:24.2,24.45 1 0
github.com/watercompany/skywire-services/autoupdater/pkg/passive/subscriber/client.go:20.14,21.47 1 0
github.com/watercompany/skywire-services/autoupdater/pkg/starter/starter.go:21.45,34.2 5 0
github.com/watercompany/skywire-services/autoupdater/pkg/starter/starter.go:36.27,37.43 1 0
github.com/watercompany/skywire-services/autoupdater/pkg/starter/starter.go:41.2,41.44 1 0
github.com/watercompany/skywire-services/autoupdater/pkg/starter/starter.go:37.43,39.3 1 0
github.com/watercompany/skywire-services/autoupdater/pkg/starter/starter.go:41.44,43.3 1 0
github.com/watercompany/skywire-services/autoupdater/pkg/starter/starter.go:46.26,47.43 1 0
github.com/watercompany/skywire-services/autoupdater/pkg/starter/starter.go:51.2,51.44 1 0
github.com/watercompany/skywire-services/autoupdater/pkg/starter/starter.go:47.43,49.3 1 0
github.com/watercompany/skywire-services/autoupdater/pkg/starter/starter.go:51.44,53.3 1 0
github.com/watercompany/skywire-services/autoupdater/pkg/starter/starter.go:56.61,57.36 1 0
github.com/watercompany/skywire-services/autoupdater/pkg/starter/starter.go:57.36,60.3 2 0
github.com/watercompany/skywire-services/autoupdater/pkg/starter/starter.go:63.61,64.36 1 0
github.com/watercompany/skywire-services/autoupdater/pkg/starter/starter.go:64.36,65.34 1 0
github.com/watercompany/skywire-services/autoupdater/pkg/starter/starter.go:65.34,67.11 2 0
github.com/watercompany/skywire-services/autoupdater/pkg/starter/starter.go:73.4,74.18 2 0
github.com/watercompany/skywire-services/autoupdater/pkg/starter/starter.go:78.4,82.36 4 0
github.com/watercompany/skywire-services/autoupdater/pkg/starter/starter.go:67.11,70.13 2 0
github.com/watercompany/skywire-services/autoupdater/pkg/starter/starter.go:74.18,77.5 1 0
github.com/watercompany/skywire-services/autoupdater/pkg/starter/starter.go:83.9,85.11 2 0
github.com/watercompany/skywire-services/autoupdater/pkg/starter/starter.go:90.4,94.38 4 0
github.com/watercompany/skywire-services/autoupdater/pkg/starter/starter.go:85.11,88.13 2 0
github.com/watercompany/skywire-services/autoupdater/pkg/active/fetcher.go:17.104,22.35 4 0
github.com/watercompany/skywire-services/autoupdater/pkg/active/fetcher.go:27.2,28.16 2 0
github.com/watercompany/skywire-services/autoupdater/pkg/active/fetcher.go:32.2,32.34 1 0
github.com/watercompany/skywire-services/autoupdater/pkg/active/fetcher.go:43.2,44.38 1 0
github.com/watercompany/skywire-services/autoupdater/pkg/active/fetcher.go:22.35,25.3 2 0
github.com/watercompany/skywire-services/autoupdater/pkg/active/fetcher.go:28.16,30.3 1 0
github.com/watercompany/skywire-services/autoupdater/pkg/active/fetcher.go:33.13,35.19 1 0
github.com/watercompany/skywire-services/autoupdater/pkg/active/fetcher.go:36.15,38.19 1 0
github.com/watercompany/skywire-services/autoupdater/pkg/active/fetcher.go:39.19,41.40 1 0
github.com/watercompany/skywire-services/autoupdater/config/custom_lock.go:10.35,12.2 1 1
github.com/watercompany/skywire-services/autoupdater/config/custom_lock.go:14.29,18.2 3 1
github.com/watercompany/skywire-services/autoupdater/config/custom_lock.go:19.31,23.2 3 0
github.com/watercompany/skywire-services/autoupdater/pkg/updater/custom.go:32.73,34.38 2 0
github.com/watercompany/skywire-services/autoupdater/pkg/updater/custom.go:53.2,55.3 1 0
github.com/watercompany/skywire-services/autoupdater/pkg/updater/custom.go:34.38,36.17 2 0
github.com/watercompany/skywire-services/autoupdater/pkg/updater/custom.go:42.3,50.4 1 0
github.com/watercompany/skywire-services/autoupdater/pkg/updater/custom.go:36.17,40.4 2 0
github.com/watercompany/skywire-services/autoupdater/pkg/updater/custom.go:58.81,72.2 8 0
github.com/watercompany/skywire-services/autoupdater/pkg/updater/custom.go:74.117,80.2 5 0
github.com/watercompany/skywire-services/autoupdater/pkg/updater/custom.go:82.73,89.2 2 0
github.com/watercompany/skywire-services/autoupdater/pkg/updater/custom.go:91.77,94.21 2 0
github.com/watercompany/skywire-services/autoupdater/pkg/updater/custom.go:94.21,98.42 3 0
github.com/watercompany/skywire-services/autoupdater/pkg/updater/custom.go:98.42,99.58 1 0
github.com/watercompany/skywire-services/autoupdater/pkg/updater/custom.go:102.4,102.38 1 0
github.com/watercompany/skywire-services/autoupdater/pkg/updater/custom.go:99.58,101.5 1 0
github.com/watercompany/skywire-services/autoupdater/pkg/updater/custom.go:108.85,112.2 3 0
github.com/watercompany/skywire-services/autoupdater/pkg/updater/custom.go:114.86,117.27 3 0
github.com/watercompany/skywire-services/autoupdater/pkg/updater/custom.go:120.2,120.14 1 0
github.com/watercompany/skywire-services/autoupdater/pkg/updater/custom.go:117.27,119.3 1 0
github.com/watercompany/skywire-services/autoupdater/store/services/json.go:17.43,22.15 4 0
github.com/watercompany/skywire-services/autoupdater/store/services/json.go:26.2,27.15 2 0
github.com/watercompany/skywire-services/autoupdater/store/services/json.go:31.2,34.3 1 0
github.com/watercompany/skywire-services/autoupdater/store/services/json.go:22.15,24.3 1 0
github.com/watercompany/skywire-services/autoupdater/store/services/json.go:27.15,29.3 1 0
github.com/watercompany/skywire-services/autoupdater/store/services/json.go:37.49,39.2 1 0
github.com/watercompany/skywire-services/autoupdater/store/services/json.go:41.45,45.16 4 0
github.com/watercompany/skywire-services/autoupdater/store/services/json.go:49.2,50.16 2 0
github.com/watercompany/skywire-services/autoupdater/store/services/json.go:45.16,47.3 1 0
github.com/watercompany/skywire-services/autoupdater/store/services/json.go:50.16,52.3 1 0
github.com/watercompany/skywire-services/autoupdater/store/services/json.go:55.39,57.48 2 0
github.com/watercompany/skywire-services/autoupdater/store/services/json.go:57.48,59.3 1 0
github.com/watercompany/skywire-services/autoupdater/store/services/json.go:62.48,65.25 2 0
github.com/watercompany/skywire-services/autoupdater/store/services/json.go:69.2,70.15 2 0
github.com/watercompany/skywire-services/autoupdater/store/services/json.go:74.2,74.17 1 0
github.com/watercompany/skywire-services/autoupdater/store/services/json.go:65.25,67.3 1 0
github.com/watercompany/skywire-services/autoupdater/store/services/json.go:70.15,72.3 1 0
github.com/watercompany/skywire-services/autoupdater/pkg/passive/subscriber/nats.go:22.71,24.16 2 0
github.com/watercompany/skywire-services/autoupdater/pkg/passive/subscriber/nats.go:27.2,33.3 1 0
github.com/watercompany/skywire-services/autoupdater/pkg/passive/subscriber/nats.go:24.16,26.3 1 0
github.com/watercompany/skywire-services/autoupdater/pkg/passive/subscriber/nats.go:36.40,40.2 3 0
github.com/watercompany/skywire-services/autoupdater/pkg/passive/subscriber/nats.go:42.24,47.2 4 0
github.com/watercompany/skywire-services/autoupdater/pkg/passive/subscriber/nats.go:49.23,51.2 1 0
github.com/watercompany/skywire-services/autoupdater/pkg/passive/subscriber/nats.go:53.42,56.16 3 0
github.com/watercompany/skywire-services/autoupdater/pkg/passive/subscriber/nats.go:56.16,58.3 1 0
github.com/watercompany/skywire-services/autoupdater/pkg/active/naive.go:30.119,40.2 1 0
github.com/watercompany/skywire-services/autoupdater/pkg/active/naive.go:42.46,46.21 3 0
github.com/watercompany/skywire-services/autoupdater/pkg/active/naive.go:49.2,49.17 1 0
github.com/watercompany/skywire-services/autoupdater/pkg/active/naive.go:46.21,48.3 1 0
github.com/watercompany/skywire-services/autoupdater/pkg/active/naive.go:53.25,55.12 2 0
github.com/watercompany/skywire-services/autoupdater/pkg/active/naive.go:65.2,65.10 1 0
github.com/watercompany/skywire-services/autoupdater/pkg/active/naive.go:55.12,56.7 1 0
github.com/watercompany/skywire-services/autoupdater/pkg/active/naive.go:56.7,57.11 1 0
github.com/watercompany/skywire-services/autoupdater/pkg/active/naive.go:58.27,61.22 2 0
github.com/watercompany/skywire-services/autoupdater/pkg/active/naive.go:68.24,71.2 2 0
github.com/watercompany/skywire-services/autoupdater/pkg/active/naive.go:73.30,74.16 1 0
github.com/watercompany/skywire-services/autoupdater/pkg/active/naive.go:77.2,83.17 5 0
github.com/watercompany/skywire-services/autoupdater/pkg/active/naive.go:74.16,76.3 1 0
github.com/watercompany/skywire-services/autoupdater/pkg/active/naive.go:83.17,85.4 1 0
github.com/watercompany/skywire-services/autoupdater/pkg/active/naive.go:88.35,89.33 1 0
github.com/watercompany/skywire-services/autoupdater/pkg/active/naive.go:105.2,105.12 1 0
github.com/watercompany/skywire-services/autoupdater/pkg/active/naive.go:89.33,91.17 2 0
github.com/watercompany/skywire-services/autoupdater/pkg/active/naive.go:103.3,103.26 1 0
github.com/watercompany/skywire-services/autoupdater/pkg/active/naive.go:91.17,94.28 2 0
github.com/watercompany/skywire-services/autoupdater/pkg/active/naive.go:94.28,96.5 1 0
github.com/watercompany/skywire-services/autoupdater/pkg/active/naive.go:96.10,98.5 1 0
github.com/watercompany/skywire-services/autoupdater/pkg/active/naive.go:99.9,100.9 1 0
github.com/watercompany/skywire-services/autoupdater/config/config.go:49.37,53.16 3 0
github.com/watercompany/skywire-services/autoupdater/config/config.go:57.2,64.16 3 0
github.com/watercompany/skywire-services/autoupdater/config/config.go:68.2,68.13 1 0
github.com/watercompany/skywire-services/autoupdater/config/config.go:53.16,54.13 1 0
github.com/watercompany/skywire-services/autoupdater/config/config.go:64.16,65.13 1 0
github.com/watercompany/skywire-services/autoupdater/config/config.go:71.43,72.16 1 0
github.com/watercompany/skywire-services/autoupdater/config/config.go:79.2,79.13 1 0
github.com/watercompany/skywire-services/autoupdater/config/config.go:72.16,78.3 3 0
github.com/watercompany/skywire-services/autoupdater/pkg/logger/logger.go:9.37,15.2 2 1
github.com/watercompany/skywire-services/autoupdater/pkg/active/dockerhub.go:59.121,60.25 1 1
github.com/watercompany/skywire-services/autoupdater/pkg/active/dockerhub.go:64.2,79.3 3 1
github.com/watercompany/skywire-services/autoupdater/pkg/active/dockerhub.go:60.25,63.3 2 0
github.com/watercompany/skywire-services/autoupdater/pkg/active/dockerhub.go:82.65,84.2 1 0
github.com/watercompany/skywire-services/autoupdater/pkg/active/dockerhub.go:86.50,90.21 3 1
github.com/watercompany/skywire-services/autoupdater/pkg/active/dockerhub.go:93.2,93.17 1 1
github.com/watercompany/skywire-services/autoupdater/pkg/active/dockerhub.go:90.21,92.3 1 0
github.com/watercompany/skywire-services/autoupdater/pkg/active/dockerhub.go:96.29,99.12 3 1
github.com/watercompany/skywire-services/autoupdater/pkg/active/dockerhub.go:107.2,107.10 1 1
github.com/watercompany/skywire-services/autoupdater/pkg/active/dockerhub.go:99.12,100.7 1 1
github.com/watercompany/skywire-services/autoupdater/pkg/active/dockerhub.go:100.7,101.11 1 1
github.com/watercompany/skywire-services/autoupdater/pkg/active/dockerhub.go:102.27,103.21 1 1
github.com/watercompany/skywire-services/autoupdater/pkg/active/dockerhub.go:110.28,113.2 2 1
github.com/watercompany/skywire-services/autoupdater/pkg/active/dockerhub.go:115.46,116.16 1 1
github.com/watercompany/skywire-services/autoupdater/pkg/active/dockerhub.go:119.2,125.16 5 1
github.com/watercompany/skywire-services/autoupdater/pkg/active/dockerhub.go:116.16,118.3 1 0
github.com/watercompany/skywire-services/autoupdater/pkg/active/dockerhub.go:125.16,127.47 2 0
github.com/watercompany/skywire-services/autoupdater/pkg/active/dockerhub.go:127.47,130.4 2 0
github.com/watercompany/skywire-services/autoupdater/pkg/active/dockerhub.go:135.32,140.16 4 1
github.com/watercompany/skywire-services/autoupdater/pkg/active/dockerhub.go:143.2,146.16 3 1
github.com/watercompany/skywire-services/autoupdater/pkg/active/dockerhub.go:149.2,152.16 3 1
github.com/watercompany/skywire-services/autoupdater/pkg/active/dockerhub.go:156.2,157.16 2 1
github.com/watercompany/skywire-services/autoupdater/pkg/active/dockerhub.go:161.2,161.46 1 1
github.com/watercompany/skywire-services/autoupdater/pkg/active/dockerhub.go:140.16,142.3 1 0
github.com/watercompany/skywire-services/autoupdater/pkg/active/dockerhub.go:146.16,148.3 1 0
github.com/watercompany/skywire-services/autoupdater/pkg/active/dockerhub.go:152.16,154.3 1 0
github.com/watercompany/skywire-services/autoupdater/pkg/active/dockerhub.go:157.16,159.3 1 0
github.com/watercompany/skywire-services/autoupdater/pkg/active/dockerhub.go:165.41,170.16 4 1
github.com/watercompany/skywire-services/autoupdater/pkg/active/dockerhub.go:173.2,173.33 1 1
github.com/watercompany/skywire-services/autoupdater/pkg/active/dockerhub.go:176.2,176.44 1 1
github.com/watercompany/skywire-services/autoupdater/pkg/active/dockerhub.go:187.2,187.12 1 0
github.com/watercompany/skywire-services/autoupdater/pkg/active/dockerhub.go:170.16,172.3 1 0
github.com/watercompany/skywire-services/autoupdater/pkg/active/dockerhub.go:173.33,175.3 1 0
github.com/watercompany/skywire-services/autoupdater/pkg/active/dockerhub.go:176.44,179.17 3 1
github.com/watercompany/skywire-services/autoupdater/pkg/active/dockerhub.go:182.3,182.40 1 0
github.com/watercompany/skywire-services/autoupdater/pkg/active/dockerhub.go:179.17,181.4 1 0
github.com/watercompany/skywire-services/autoupdater/pkg/active/dockerhub.go:183.8,185.3 1 0
github.com/watercompany/skywire-services/autoupdater/pkg/active/dockerhub.go:196.79,202.72 3 0
github.com/watercompany/skywire-services/autoupdater/pkg/active/dockerhub.go:208.2,209.16 2 0
github.com/watercompany/skywire-services/autoupdater/pkg/active/dockerhub.go:213.2,216.23 3 0
github.com/watercompany/skywire-services/autoupdater/pkg/active/dockerhub.go:220.2,220.22 1 0
github.com/watercompany/skywire-services/autoupdater/pkg/active/dockerhub.go:202.72,204.5 1 0
github.com/watercompany/skywire-services/autoupdater/pkg/active/dockerhub.go:209.16,211.3 1 0
github.com/watercompany/skywire-services/autoupdater/pkg/active/dockerhub.go:216.23,218.3 1 0
github.com/watercompany/skywire-services/autoupdater/pkg/active/dockerhub.go:223.105,225.16 2 1
github.com/watercompany/skywire-services/autoupdater/pkg/active/dockerhub.go:229.2,233.16 4 1
github.com/watercompany/skywire-services/autoupdater/pkg/active/dockerhub.go:236.2,240.16 4 1
github.com/watercompany/skywire-services/autoupdater/pkg/active/dockerhub.go:245.2,245.21 1 1
github.com/watercompany/skywire-services/autoupdater/pkg/active/dockerhub.go:225.16,227.3 1 0
github.com/watercompany/skywire-services/autoupdater/pkg/active/dockerhub.go:233.16,235.3 1 0
github.com/watercompany/skywire-services/autoupdater/pkg/active/dockerhub.go:240.16,243.3 2 0
github.com/watercompany/skywire-services/autoupdater/pkg/updater/updater.go:16.58,21.20 3 0
github.com/watercompany/skywire-services/autoupdater/pkg/updater/updater.go:28.2,28.39 1 0
github.com/watercompany/skywire-services/autoupdater/pkg/updater/updater.go:22.15,23.40 1 0
github.com/watercompany/skywire-services/autoupdater/pkg/updater/updater.go:24.16,25.41 1 0
github.com/watercompany/skywire-services/autoupdater/pkg/active/git.go:34.116,50.2 4 0
github.com/watercompany/skywire-services/autoupdater/pkg/active/git.go:52.59,55.17 2 0
github.com/watercompany/skywire-services/autoupdater/pkg/active/git.go:55.17,57.3 1 0
github.com/watercompany/skywire-services/autoupdater/pkg/active/git.go:60.44,64.21 3 0
github.com/watercompany/skywire-services/autoupdater/pkg/active/git.go:67.2,67.17 1 0
github.com/watercompany/skywire-services/autoupdater/pkg/active/git.go:64.21,66.3 1 0
github.com/watercompany/skywire-services/autoupdater/pkg/active/git.go:70.23,72.12 2 0
github.com/watercompany/skywire-services/autoupdater/pkg/active/git.go:82.2,82.10 1 0
github.com/watercompany/skywire-services/autoupdater/pkg/active/git.go:72.12,73.7 1 0
github.com/watercompany/skywire-services/autoupdater/pkg/active/git.go:73.7,74.11 1 0
github.com/watercompany/skywire-services/autoupdater/pkg/active/git.go:75.27,78.22 2 0
github.com/watercompany/skywire-services/autoupdater/pkg/active/git.go:85.22,88.2 2 0
github.com/watercompany/skywire-services/autoupdater/pkg/active/git.go:97.28,98.16 1 0
github.com/watercompany/skywire-services/autoupdater/pkg/active/git.go:101.2,107.34 5 0
github.com/watercompany/skywire-services/autoupdater/pkg/active/git.go:98.16,100.3 1 0
github.com/watercompany/skywire-services/autoupdater/pkg/active/git.go:107.34,111.17 3 0
github.com/watercompany/skywire-services/autoupdater/pkg/active/git.go:111.17,113.4 1 0
github.com/watercompany/skywire-services/autoupdater/pkg/active/git.go:113.9,115.4 1 0
github.com/watercompany/skywire-services/autoupdater/pkg/active/git.go:116.8,118.3 1 0
github.com/watercompany/skywire-services/autoupdater/pkg/active/git.go:121.49,123.16 2 0
github.com/watercompany/skywire-services/autoupdater/pkg/active/git.go:126.2,129.16 4 0
github.com/watercompany/skywire-services/autoupdater/pkg/active/git.go:132.2,132.31 1 0
github.com/watercompany/skywire-services/autoupdater/pkg/active/git.go:137.2,137.16 1 0
github.com/watercompany/skywire-services/autoupdater/pkg/active/git.go:123.16,125.3 1 0
github.com/watercompany/skywire-services/autoupdater/pkg/active/git.go:129.16,131.3 1 0
github.com/watercompany/skywire-services/autoupdater/pkg/active/git.go:132.31,135.3 1 0
github.com/watercompany/skywire-services/autoupdater/pkg/active/git.go:140.77,142.16 2 0
github.com/watercompany/skywire-services/autoupdater/pkg/active/git.go:145.2,145.22 1 0
github.com/watercompany/skywire-services/autoupdater/pkg/active/git.go:142.16,144.3 1 0
github.com/watercompany/skywire-services/autoupdater/pkg/active/git.go:148.53,149.33 1 0
github.com/watercompany/skywire-services/autoupdater/pkg/active/git.go:165.2,165.12 1 0
github.com/watercompany/skywire-services/autoupdater/pkg/active/git.go:149.33,151.17 2 0
github.com/watercompany/skywire-services/autoupdater/pkg/active/git.go:163.3,163.26 1 0
github.com/watercompany/skywire-services/autoupdater/pkg/active/git.go:151.17,154.28 2 0
github.com/watercompany/skywire-services/autoupdater/pkg/active/git.go:154.28,156.5 1 0
github.com/watercompany/skywire-services/autoupdater/pkg/active/git.go:156.10,158.5 1 0
github.com/watercompany/skywire-services/autoupdater/pkg/active/git.go:159.9,160.9 1 0
github.com/watercompany/skywire-services/autoupdater/pkg/active/git.go:168.57,175.2 3 0
